[STARTED] Set configuration preset
[SUCCESS] Set configuration preset [0.0s]
[STARTED] Task without title.
[STARTED] Create local group configs
[STARTED] Create local_1 config
[SUCCESS] Create local_1 config [0.0s]
[STARTED] Create local_2 config
[SUCCESS] Create local_2 config [0.0s]
[STARTED] Create local_3 config
[SUCCESS] Create local_3 config [0.0s]
[STARTED] Create local_seed config
[SUCCESS] Create local_seed config [0.0s]
[SUCCESS] Create local group configs [0.0s]
[STARTED] Configure Core nodes
[STARTED] Task without title.
[STARTED] Starting a wallet
[SUCCESS] Starting a wallet [3s]
[STARTED] Activating DIP3
[DATA] 10 blocks generated
[SUCCESS] Activating DIP3 [0.1s]
[STARTED] Generating funds to use as a collateral for masternodes
[STARTED] Create a new address
[DATA] Address: yNV8vKZi86SKXZFaEuVtMksZ63p3hXZGwW
[DATA] Private key: cV99p6egTWdBBgFRqhAZkrVZ6PBwMjHZiDJ7r7RR6WYmJj6KruQm
[SUCCESS] Create a new address [0.0s]
[STARTED] Generate ≈4000 dash to address
[TITLE] Generate ≈4000 dash to address yNV8vKZi86SKXZFaEuVtMksZ63p3hXZGwW
[DATA] 185.86656604 dash generated
[DATA] 358.45694883 dash generated
[DATA] 531.04733162 dash generated
[DATA] 703.63771441 dash generated
[DATA] 876.2280972 dash generated
[DATA] 1048.81847999 dash generated
[DATA] 1221.40886278 dash generated
[DATA] 1393.99924557 dash generated
[DATA] 1566.58962836 dash generated
[DATA] 1739.18001115 dash generated
[DATA] 1911.77039394 dash generated
[DATA] 2084.36077673 dash generated
[DATA] 2256.95115952 dash generated
[DATA] 2429.54154231 dash generated
[DATA] 2602.1319251 dash generated
[DATA] 2774.72230789 dash generated
[DATA] 2947.31269068 dash generated
[DATA] 3119.90307347 dash generated
[DATA] 3292.49345626 dash generated
[DATA] 3465.08383905 dash generated
[DATA] 3637.67422184 dash generated
[DATA] 3810.26460463 dash generated
[DATA] 3982.85498742 dash generated
[DATA] 4155.44537021 dash generated
[DATA] Generated 4155.44537021 dash
[SUCCESS] Generate ≈4000 dash to address yNV8vKZi86SKXZFaEuVtMksZ63p3hXZGwW [0.2s]
[STARTED] Mine 101 blocks to confirm coinbase
[DATA] 101 blocks mined
[SUCCESS] Mine 101 blocks to confirm coinbase [0.7s]
[SUCCESS] Generating funds to use as a collateral for masternodes [1s]
[STARTED] Register masternodes
[STARTED] Register local_1 masternode
[SKIPPED] Masternode operator private key ('core.masternode.operator.privateKey') is already set in local_1 config
[STARTED] Register local_2 masternode
[SKIPPED] Masternode operator private key ('core.masternode.operator.privateKey') is already set in local_2 config
[STARTED] Register local_3 masternode
[SKIPPED] Masternode operator private key ('core.masternode.operator.privateKey') is already set in local_3 config
[SUCCESS] Register masternodes [0.0s]
[STARTED] Enable sporks
[SUCCESS] Enable sporks [0.0s]
[STARTED] Activating DIP8 to enable ChainLocks
[DATA] DIP8 has been activated at height 432
[SUCCESS] Activating DIP8 to enable ChainLocks [0.0s]
[STARTED] Stopping wallet
[SUCCESS] Stopping wallet [0.9s]
[STARTED] Starting masternodes
[SUCCESS] Starting masternodes [12s]
[STARTED] Wait for core quorums to be enabled
[STARTED] Task without title.
[SUCCESS] Task without title. [0.0s]
[STARTED] Waiting for all nodes to catch up
[SUCCESS] Waiting for all nodes to catch up [58s]
[STARTED] Start DKG session
[SUCCESS] Start DKG session [0.0s]
[STARTED] Waiting for phase 1 (init)
[SUCCESS] Waiting for phase 1 (init) [0.0s]
[STARTED] Waiting for phase 2 (contribute)
[SUCCESS] Waiting for phase 2 (contribute) [0.0s]
[STARTED] Waiting for phase 3 (complain)
[SUCCESS] Waiting for phase 3 (complain) [0.0s]
[STARTED] Waiting for phase 4 (justify)
[SUCCESS] Waiting for phase 4 (justify) [0.0s]
[STARTED] Waiting for phase 5 (commit)
[SUCCESS] Waiting for phase 5 (commit) [0.0s]
[STARTED] Waiting for phase 6 (mining)
[SUCCESS] Waiting for phase 6 (mining) [0.0s]
[STARTED] Waiting final commitment
[SUCCESS] Waiting final commitment [0.1s]
[STARTED] Mining final commitment
[DATA] New quorum mined: height: 936, quorum hash: 45e07a02a342ed9f9916cf97bd9fe56b2e22b16d3d770e0a94cd2b7fd6d3a31e, mined in block: 46c910b89c52cc1e6b7ddf2d17d9b50be9aaebdee391d9ac1cc86918f0a2c6c8
[SUCCESS] Mining final commitment [1m37s]
[SUCCESS] Wait for core quorums to be enabled [2m36s]
[STARTED] Setting initial core chain locked height
[DATA] Initial chain locked core height is set to: 955
[SUCCESS] Setting initial core chain locked height [0.0s]
[STARTED] Stopping masternodes
[SUCCESS] Stopping masternodes [1s]
[SUCCESS] Task without title. [2m57s]
[SUCCESS] Configure Core nodes [2m57s]
[STARTED] Configure Tenderdash nodes
[STARTED] Task without title.
[STARTED] Initialize local_1 Tenderdash
[STARTED] Generate node keys and data
[SKIPPED] Node already initialized
[SUCCESS] Initialize local_1 Tenderdash [0.0s]
[STARTED] Initialize local_2 Tenderdash
[STARTED] Generate node keys and data
[SKIPPED] Node already initialized
[SUCCESS] Initialize local_2 Tenderdash [0.0s]
[STARTED] Initialize local_3 Tenderdash
[STARTED] Generate node keys and data
[SKIPPED] Node already initialized
[SUCCESS] Initialize local_3 Tenderdash [0.0s]
[STARTED] Task without title.
[SUCCESS] Task without title. [0.0s]
[SUCCESS] Task without title. [0.0s]
[SUCCESS] Configure Tenderdash nodes [0.0s]
[STARTED] Initialize Platform
[STARTED] Starting nodes
[STARTED] Starting local_1 node
[STARTED] Check node is not started
[SUCCESS] Check node is not started [1s]
[STARTED] Build services
[STARTED] Build Drive
[STARTED] Build Docker image
Envs: {"CONFIG_NAME":"local_1","COMPOSE_PROJECT_NAME":"dash_masternode_local_1","COMPOSE_FILE":"docker-compose.yml:docker-compose.platform.yml:docker-compose.platform.build-drive.yml","COMPOSE_PATH_SEPARATOR":":","COMPOSE_DOCKER_CLI_BUILD":1,"DOCKER_BUILDKIT":1,"DESCRIPTION":"local node #1","GROUP":"local","CORE_DOCKER_IMAGE":"dashpay/dashd:0.17.0.0-rc4-hotfix2","CORE_P2P_PORT":"20001","CORE_P2P_SEEDS_0_HOST":"172.17.0.1","CORE_P2P_SEEDS_0_PORT":"20101","CORE_P2P_SEEDS_1_HOST":"172.17.0.1","CORE_P2P_SEEDS_1_PORT":"20201","CORE_P2P_SEEDS_2_HOST":"172.17.0.1","CORE_P2P_SEEDS_2_PORT":"20301","CORE_RPC_PORT":"20002","CORE_RPC_USER":"dashrpc","CORE_RPC_PASSWORD":"rpcpassword","CORE_SPORK_ADDRESS":"yTd7zmdBSmTaZUs7VYwHDLzRQhsFNvtPvp","CORE_SPORK_PRIVATE_KEY":"cRJgKiNoxiwvtJaJ5oybNjiDLZCZtqg6nnjveKmZxpcybiTsaKsP","CORE_MASTERNODE_ENABLE":"true","CORE_MASTERNODE_OPERATOR_PRIVATE_KEY":"68ab1d5f98a36a4d08291757ed2a85746a26303cf2af8aef9c503dfdacdff946","CORE_MINER_ENABLE":"false","CORE_MINER_INTERVAL":"2.5m","CORE_MINER_ADDRESS":"","CORE_SENTINEL_DOCKER_IMAGE":"dashpay/sentinel:1.5.0","CORE_DEVNET_NAME":"","PLATFORM_DAPI_ENVOY_DOCKER_IMAGE":"envoyproxy/envoy:v1.16-latest","PLATFORM_DAPI_ENVOY_HTTP_PORT":"3000","PLATFORM_DAPI_ENVOY_GRPC_PORT":"3010","PLATFORM_DAPI_ENVOY_RATE_LIMITER_MAX_TOKENS":"300","PLATFORM_DAPI_ENVOY_RATE_LIMITER_TOKENS_PER_FILL":"150","PLATFORM_DAPI_ENVOY_RATE_LIMITER_FILL_INTERVAL":"60s","PLATFORM_DAPI_ENVOY_RATE_LIMITER_ENABLED":"false","PLATFORM_DAPI_API_DOCKER_IMAGE":"dashpay/dapi:0.19-dev","PLATFORM_DAPI_API_DOCKER_BUILD_PATH":"","PLATFORM_DRIVE_MONGODB_DOCKER_IMAGE":"mongo:4.2","PLATFORM_DRIVE_ABCI_DOCKER_IMAGE":"dashpay/drive:0.19-dev","PLATFORM_DRIVE_ABCI_DOCKER_BUILD_PATH":"/home/strophy/Code/dashevo/dapi","PLATFORM_DRIVE_ABCI_LOG_STDOUT_LEVEL":"trace","PLATFORM_DRIVE_ABCI_LOG_PRETTY_FILE_LEVEL":"silent","PLATFORM_DRIVE_ABCI_LOG_PRETTY_FILE_PATH":"/tmp/drive_pretty_1.log","PLATFORM_DRIVE_ABCI_LOG_JSON_FILE_LEVEL":"silent","PLATFORM_DRIVE_ABCI_LOG_JSON_FILE_PATH":"/tmp/drive_json_1.log","PLATFORM_DRIVE_TENDERDASH_DOCKER_IMAGE":"dashpay/tenderdash:0.34.3","PLATFORM_DRIVE_TENDERDASH_P2P_PORT":"26656","PLATFORM_DRIVE_TENDERDASH_P2P_PERSISTENT_PEERS_0_ID":"03902bafca851280594aa9556360054306e05b01","PLATFORM_DRIVE_TENDERDASH_P2P_PERSISTENT_PEERS_0_HOST":"172.17.0.1","PLATFORM_DRIVE_TENDERDASH_P2P_PERSISTENT_PEERS_0_PORT":"26756","PLATFORM_DRIVE_TENDERDASH_P2P_PERSISTENT_PEERS_1_ID":"7b7f3b204f2643ceabccf8bb676bb7c9a95aee09","PLATFORM_DRIVE_TENDERDASH_P2P_PERSISTENT_PEERS_1_HOST":"172.17.0.1","PLATFORM_DRIVE_TENDERDASH_P2P_PERSISTENT_PEERS_1_PORT":"26856","PLATFORM_DRIVE_TENDERDASH_RPC_PORT":"26657","PLATFORM_DRIVE_TENDERDASH_CONSENSUS_CREATE_EMPTY_BLOCKS":"true","PLATFORM_DRIVE_TENDERDASH_CONSENSUS_CREATE_EMPTY_BLOCKS_INTERVAL":"10s","PLATFORM_DRIVE_TENDERDASH_VALIDATOR_KEY_ADDRESS":"F5942EC0EFAB30744EC178D76059BF1C7411AD73","PLATFORM_DRIVE_TENDERDASH_VALIDATOR_KEY_PUB_KEY_TYPE":"tendermint/PubKeyBLS12381","PLATFORM_DRIVE_TENDERDASH_VALIDATOR_KEY_PUB_KEY_VALUE":"g1riPOxcKUk7FMTdNSm+z0trEm2ZzpP3hPFRlTys0BC19SDnjRVsEX+VAr/EHSxv","PLATFORM_DRIVE_TENDERDASH_VALIDATOR_KEY_PRIV_KEY_TYPE":"tendermint/PrivKeyBLS12381","PLATFORM_DRIVE_TENDERDASH_VALIDATOR_KEY_PRIV_KEY_VALUE":"cIxrMuL3TG+wuBcF1E/gG07gXkHskYSn8LQTXbZJ480=","PLATFORM_DRIVE_TENDERDASH_NODE_KEY_PRIV_KEY_TYPE":"tendermint/PrivKeyEd25519","PLATFORM_DRIVE_TENDERDASH_NODE_KEY_PRIV_KEY_VALUE":"fcYnsnvH9+6TjZSyWE8t1j2UscOF1VAAv1ogxcNpYLM0fO1TAgfYOaWijUcd24J/4xbxec9yKxS8G4HnvryH7Q==","PLATFORM_DRIVE_TENDERDASH_GENESIS_GENESIS_TIME":"2021-05-12T10:36:14.639256945Z","PLATFORM_DRIVE_TENDERDASH_GENESIS_CHAIN_ID":"dash_masternode_local_54","PLATFORM_DRIVE_TENDERDASH_GENESIS_INITIAL_HEIGHT":"0","PLATFORM_DRIVE_TENDERDASH_GENESIS_INITIAL_CORE_CHAIN_LOCKED_HEIGHT":"955","PLATFORM_DRIVE_TENDERDASH_GENESIS_CONSENSUS_PARAMS_BLOCK_MAX_BYTES":"22020096","PLATFORM_DRIVE_TENDERDASH_GENESIS_CONSENSUS_PARAMS_BLOCK_MAX_GAS":"-1","PLATFORM_DRIVE_TENDERDASH_GENESIS_CONSENSUS_PARAMS_BLOCK_TIME_IOTA_MS":"1000","PLATFORM_DRIVE_TENDERDASH_GENESIS_CONSENSUS_PARAMS_EVIDENCE_MAX_AGE_NUM_BLOCKS":"100000","PLATFORM_DRIVE_TENDERDASH_GENESIS_CONSENSUS_PARAMS_EVIDENCE_MAX_AGE_DURATION":"172800000000000","PLATFORM_DRIVE_TENDERDASH_GENESIS_CONSENSUS_PARAMS_EVIDENCE_MAX_BYTES":"1048576","PLATFORM_DRIVE_TENDERDASH_GENESIS_CONSENSUS_PARAMS_VALIDATOR_PUB_KEY_TYPES_0":"bls12381","PLATFORM_DRIVE_TENDERDASH_GENESIS_VALIDATORS_0_ADDRESS":"F5942EC0EFAB30744EC178D76059BF1C7411AD73","PLATFORM_DRIVE_TENDERDASH_GENESIS_VALIDATORS_0_PUB_KEY_TYPE":"tendermint/PubKeyBLS12381","PLATFORM_DRIVE_TENDERDASH_GENESIS_VALIDATORS_0_PUB_KEY_VALUE":"g1riPOxcKUk7FMTdNSm+z0trEm2ZzpP3hPFRlTys0BC19SDnjRVsEX+VAr/EHSxv","PLATFORM_DRIVE_TENDERDASH_GENESIS_VALIDATORS_0_POWER":"1","PLATFORM_DRIVE_TENDERDASH_GENESIS_VALIDATORS_0_NAME":"local_1","PLATFORM_DRIVE_TENDERDASH_GENESIS_VALIDATORS_1_ADDRESS":"11E7707FD7D017F9C5C70CF119BAE1AD3B5CB459","PLATFORM_DRIVE_TENDERDASH_GENESIS_VALIDATORS_1_PUB_KEY_TYPE":"tendermint/PubKeyBLS12381","PLATFORM_DRIVE_TENDERDASH_GENESIS_VALIDATORS_1_PUB_KEY_VALUE":"kAjmwySUfin9lE+SBTRqfyNvpBulpPYE+UwUO9X4/MApcygzgQmU1LZE8+HmL/wP","PLATFORM_DRIVE_TENDERDASH_GENESIS_VALIDATORS_1_POWER":"1","PLATFORM_DRIVE_TENDERDASH_GENESIS_VALIDATORS_1_NAME":"local_2","PLATFORM_DRIVE_TENDERDASH_GENESIS_VALIDATORS_2_ADDRESS":"D2A88B513D24720AF0B1067B66C5FB0E5BBF2C36","PLATFORM_DRIVE_TENDERDASH_GENESIS_VALIDATORS_2_PUB_KEY_TYPE":"tendermint/PubKeyBLS12381","PLATFORM_DRIVE_TENDERDASH_GENESIS_VALIDATORS_2_PUB_KEY_VALUE":"EdRlcBLway9siVcv4ZMHaHV+CqYj4KSHRAD6i9jfjDdAPeVRjscEj+MaoPLpmTnT","PLATFORM_DRIVE_TENDERDASH_GENESIS_VALIDATORS_2_POWER":"1","PLATFORM_DRIVE_TENDERDASH_GENESIS_VALIDATORS_2_NAME":"local_3","PLATFORM_DRIVE_TENDERDASH_GENESIS_APP_HASH":"","PLATFORM_DRIVE_TENDERDASH_NODE_ID":"48fd8559a2c01e7be8bcd3583f052704a39b998c","PLATFORM_DPNS_CONTRACT_ID":"","PLATFORM_DPNS_CONTRACT_BLOCK_HEIGHT":"","PLATFORM_DPNS_OWNER_ID":"","PLATFORM_DASHPAY_CONTRACT_ID":"","PLATFORM_DASHPAY_CONTRACT_BLOCK_HEIGHT":"","PLATFORM_FEATURE_FLAGS_CONTRACT_ID":"","PLATFORM_FEATURE_FLAGS_CONTRACT_BLOCK_HEIGHT":"","PLATFORM_FEATURE_FLAGS_OWNER_ID":"","EXTERNAL_IP":"127.0.0.1","NETWORK":"local","ENVIRONMENT":"development"}
Building: drive_abci
Build options: 
